[0.065s] Invoking command in '/userdata/dev_ws/build/origincar_competition': CMAKE_PREFIX_PATH=/userdata/dev_ws/install/serial:/userdata/dev_ws/install/origincar_msg:/userdata/dev_ws/install/ackermann_msgs:/userdata/dev_ws/install/utils:/userdata/dev_ws/install/origincar_base:/userdata/dev_ws/install/origincar_description:/userdata/dev_ws/install/origincar_bringup:/opt/tros/humble:/opt/ros/humble LD_LIBRARY_PATH=/userdata/dev_ws/install/origincar_msg/lib:/userdata/dev_ws/install/ackermann_msgs/lib:/userdata/dev_ws/install/origincar_base/lib:/userdata/dev_ws/install/serial/lib:/opt/tros/humble/lib/aarch64-linux-gnu:/opt/tros/humble/lib:/opt/ros/humble/lib/aarch64-linux-gnu:/opt/ros/humble/lib:/usr/hobot/lib:/app/lib:/app/pub/lib:/middleware/lib:/middleware/pub/lib:/usr/hobot/lib/sensor:/system/lib:/system/usr/lib:/lib /usr/bin/cmake /userdata/dev_ws/src/origincar/origincar_competition -DCMAKE_INSTALL_PREFIX=/userdata/dev_ws/install/origincar_competition
[0.610s] -- The C compiler identification is GNU 11.4.0
[1.178s] -- The CXX compiler identification is GNU 11.4.0
[1.219s] -- Detecting C compiler ABI info
[1.575s] -- Detecting C compiler ABI info - done
[1.622s] -- Check for working C compiler: /usr/bin/cc - skipped
[1.623s] -- Detecting C compile features
[1.626s] -- Detecting C compile features - done
[1.643s] -- Detecting CXX compiler ABI info
[2.048s] -- Detecting CXX compiler ABI info - done
[2.098s] -- Check for working CXX compiler: /usr/bin/c++ - skipped
[2.098s] -- Detecting CXX compile features
[2.101s] -- Detecting CXX compile features - done
[2.114s] -- Found ament_cmake: 1.3.11 (/opt/ros/humble/share/ament_cmake/cmake)
[3.125s] -- Found Python3: /usr/bin/python3 (found version "3.10.12") found components: Interpreter 
[3.809s] -- Found hbm_img_msgs: 2.0.0 (/opt/tros/humble/share/hbm_img_msgs/cmake)
[4.017s] -- Found rosidl_generator_c: 3.1.6 (/opt/ros/humble/share/rosidl_generator_c/cmake)
[4.052s] -- Found rosidl_adapter: 3.1.6 (/opt/ros/humble/share/rosidl_adapter/cmake)
[4.109s] -- Found rosidl_generator_cpp: 3.1.6 (/opt/ros/humble/share/rosidl_generator_cpp/cmake)
[4.194s] -- Using all available rosidl_typesupport_c: rosidl_typesupport_fastrtps_c;rosidl_typesupport_introspection_c
[4.301s] -- Using all available rosidl_typesupport_cpp: rosidl_typesupport_fastrtps_cpp;rosidl_typesupport_introspection_cpp
[4.475s] -- Found rclcpp: 16.0.12 (/opt/ros/humble/share/rclcpp/cmake)
[4.689s] -- Found rmw_implementation_cmake: 6.1.2 (/opt/ros/humble/share/rmw_implementation_cmake/cmake)
[4.709s] -- Found rmw_fastrtps_cpp: 6.2.7 (/opt/ros/humble/share/rmw_fastrtps_cpp/cmake)
[5.159s] -- Found OpenSSL: /usr/lib/aarch64-linux-gnu/libcrypto.so (found version "3.0.2")  
[5.292s] -- Found FastRTPS: /opt/ros/humble/include  
[5.478s] -- Using RMW implementation 'rmw_fastrtps_cpp' as default
[5.531s] -- Looking for pthread.h
[5.919s] -- Looking for pthread.h - found
[5.921s] -- Performing Test CMAKE_HAVE_LIBC_PTHREAD
[6.319s] -- Performing Test CMAKE_HAVE_LIBC_PTHREAD - Success
[6.339s] -- Found Threads: TRUE  
[6.724s] -- Found sensor_msgs: 4.8.0 (/opt/ros/humble/share/sensor_msgs/cmake)
[6.973s] -- Found OpenCV: /usr (found version "4.5.4") 
[6.981s] -- Found cv_bridge: 3.2.1 (/opt/ros/humble/share/cv_bridge/cmake)
[7.000s] -- Found ai_msgs: 2.0.1 (/opt/tros/humble/share/ai_msgs/cmake)
[7.116s] -- Found origincar_msg: 0.0.0 (/userdata/dev_ws/install/origincar_msg/share/origincar_msg/cmake)
[7.225s] -- Found ament_lint_auto: 0.12.12 (/opt/ros/humble/share/ament_lint_auto/cmake)
[7.759s] -- Added test 'copyright' to check source files copyright and LICENSE
[7.766s] -- Added test 'cppcheck' to perform static code analysis on C / C++ code
[7.767s] -- Configured cppcheck include dirs: $<BUILD_INTERFACE:/userdata/dev_ws/src/origincar/origincar_competition/include>
[7.768s] -- Configured cppcheck exclude dirs and/or files: 
[7.773s] -- Added test 'cpplint' to check C / C++ code against the Google style
[7.773s] -- Configured cpplint exclude dirs and/or files: 
[7.776s] -- Added test 'flake8' to check Python code syntax and style conventions
[7.780s] -- Added test 'lint_cmake' to check CMake code style
[7.784s] -- Added test 'pep257' to check Python code against some of the docstring style conventions in PEP 257
[7.789s] -- Added test 'uncrustify' to check C / C++ code style
[7.790s] -- Configured uncrustify additional arguments: 
[7.792s] -- Added test 'xmllint' to check XML markup files
[7.800s] -- Configuring done
[7.891s] -- Generating done
[7.920s] -- Build files have been written to: /userdata/dev_ws/build/origincar_competition
[7.988s] Invoked command in '/userdata/dev_ws/build/origincar_competition' returned '0': CMAKE_PREFIX_PATH=/userdata/dev_ws/install/serial:/userdata/dev_ws/install/origincar_msg:/userdata/dev_ws/install/ackermann_msgs:/userdata/dev_ws/install/utils:/userdata/dev_ws/install/origincar_base:/userdata/dev_ws/install/origincar_description:/userdata/dev_ws/install/origincar_bringup:/opt/tros/humble:/opt/ros/humble LD_LIBRARY_PATH=/userdata/dev_ws/install/origincar_msg/lib:/userdata/dev_ws/install/ackermann_msgs/lib:/userdata/dev_ws/install/origincar_base/lib:/userdata/dev_ws/install/serial/lib:/opt/tros/humble/lib/aarch64-linux-gnu:/opt/tros/humble/lib:/opt/ros/humble/lib/aarch64-linux-gnu:/opt/ros/humble/lib:/usr/hobot/lib:/app/lib:/app/pub/lib:/middleware/lib:/middleware/pub/lib:/usr/hobot/lib/sensor:/system/lib:/system/usr/lib:/lib /usr/bin/cmake /userdata/dev_ws/src/origincar/origincar_competition -DCMAKE_INSTALL_PREFIX=/userdata/dev_ws/install/origincar_competition
[7.994s] Invoking command in '/userdata/dev_ws/build/origincar_competition': CMAKE_PREFIX_PATH=/userdata/dev_ws/install/serial:/userdata/dev_ws/install/origincar_msg:/userdata/dev_ws/install/ackermann_msgs:/userdata/dev_ws/install/utils:/userdata/dev_ws/install/origincar_base:/userdata/dev_ws/install/origincar_description:/userdata/dev_ws/install/origincar_bringup:/opt/tros/humble:/opt/ros/humble LD_LIBRARY_PATH=/userdata/dev_ws/install/origincar_msg/lib:/userdata/dev_ws/install/ackermann_msgs/lib:/userdata/dev_ws/install/origincar_base/lib:/userdata/dev_ws/install/serial/lib:/opt/tros/humble/lib/aarch64-linux-gnu:/opt/tros/humble/lib:/opt/ros/humble/lib/aarch64-linux-gnu:/opt/ros/humble/lib:/usr/hobot/lib:/app/lib:/app/pub/lib:/middleware/lib:/middleware/pub/lib:/usr/hobot/lib/sensor:/system/lib:/system/usr/lib:/lib /usr/bin/cmake --build /userdata/dev_ws/build/origincar_competition -- -j8 -l8
[8.208s] [ 50%] [32mBuilding CXX object CMakeFiles/origincar_competition.dir/src/origincar_competition.cpp.o[0m
[94.427s] [100%] [32m[1mLinking CXX executable origincar_competition[0m
[94.860s] /usr/bin/ld: cannot find -lhbmem: No such file or directory
[94.861s] /usr/bin/ld: cannot find -lion: No such file or directory
[94.862s] /usr/bin/ld: cannot find -lalog: No such file or directory
[98.445s] collect2: error: ld returned 1 exit status
[98.458s] gmake[2]: *** [CMakeFiles/origincar_competition.dir/build.make:254: origincar_competition] Error 1
[98.459s] gmake[1]: *** [CMakeFiles/Makefile2:137: CMakeFiles/origincar_competition.dir/all] Error 2
[98.460s] gmake: *** [Makefile:146: all] Error 2
[98.469s] Invoked command in '/userdata/dev_ws/build/origincar_competition' returned '2': CMAKE_PREFIX_PATH=/userdata/dev_ws/install/serial:/userdata/dev_ws/install/origincar_msg:/userdata/dev_ws/install/ackermann_msgs:/userdata/dev_ws/install/utils:/userdata/dev_ws/install/origincar_base:/userdata/dev_ws/install/origincar_description:/userdata/dev_ws/install/origincar_bringup:/opt/tros/humble:/opt/ros/humble LD_LIBRARY_PATH=/userdata/dev_ws/install/origincar_msg/lib:/userdata/dev_ws/install/ackermann_msgs/lib:/userdata/dev_ws/install/origincar_base/lib:/userdata/dev_ws/install/serial/lib:/opt/tros/humble/lib/aarch64-linux-gnu:/opt/tros/humble/lib:/opt/ros/humble/lib/aarch64-linux-gnu:/opt/ros/humble/lib:/usr/hobot/lib:/app/lib:/app/pub/lib:/middleware/lib:/middleware/pub/lib:/usr/hobot/lib/sensor:/system/lib:/system/usr/lib:/lib /usr/bin/cmake --build /userdata/dev_ws/build/origincar_competition -- -j8 -l8
